#
# There is insufficient memory for the Java Runtime Environment to continue.
# Native memory allocation (malloc) failed to allocate 2575136 bytes for Chunk::new
# Possible reasons:
#   The system is out of physical RAM or swap space
#   The process is running with CompressedOops enabled, and the Java Heap may be blocking the growth of the native heap
# Possible solutions:
#   Reduce memory load on the system
#   Increase physical memory or swap space
#   Check if swap backing store is full
#   Decrease Java heap size (-Xmx/-Xms)
#   Decrease number of Java threads
#   Decrease Java thread stack sizes (-Xss)
#   Set larger code cache with -XX:ReservedCodeCacheSize=
#   JVM is running with Unscaled Compressed Oops mode in which the Java heap is
#     placed in the first 4GB address space. The Java Heap base address is the
#     maximum limit for the native heap growth. Please use -XX:HeapBaseMinAddress
#     to set the Java Heap base and to place the Java Heap above 4GB virtual address.
# This output file may be truncated or incomplete.
#
#  Out of Memory Error (allocation.cpp:389), pid=7184, tid=0x0000000000003de0
#
# JRE version: OpenJDK Runtime Environment (8.0_242-b01) (build 1.8.0_242-release-1644-b01)
# Java VM: OpenJDK 64-Bit Server VM (25.242-b01 mixed mode windows-amd64 compressed oops)
# Failed to write core dump. Minidumps are not enabled by default on client versions of Windows
#

---------------  T H R E A D  ---------------

Current thread (0x0000000019dc1000):  JavaThread "C2 CompilerThread2" daemon [_thread_in_native, id=15840, stack(0x000000001a890000,0x000000001a990000)]

Stack: [0x000000001a890000,0x000000001a990000]
[error occurred during error reporting (printing stack bounds), id 0xc0000005]

Native frames: (J=compiled Java code, j=interpreted, Vv=VM code, C=native code)


Current CompileTask:
C2:1134297 17715       4       com.android.tools.r8.ir.regalloc.a::a (3993 bytes)


---------------  P R O C E S S  ---------------

Java Threads: ( => current thread )
  0x0000000020107800 JavaThread "ForkJoinPool-2-worker-0" daemon [_thread_blocked, id=9056, stack(0x0000000032de0000,0x0000000032ee0000)]
  0x000000002010e800 JavaThread "ForkJoinPool-2-worker-7" daemon [_thread_blocked, id=10928, stack(0x000000002fd40000,0x000000002fe40000)]
  0x0000000020107000 JavaThread "ForkJoinPool-2-worker-6" daemon [_thread_blocked, id=13944, stack(0x000000002fc40000,0x000000002fd40000)]
  0x000000002164d000 JavaThread "ForkJoinPool-2-worker-5" daemon [_thread_blocked, id=15520, stack(0x000000002fb40000,0x000000002fc40000)]
  0x0000000021653000 JavaThread "ForkJoinPool-2-worker-4" daemon [_thread_blocked, id=5896, stack(0x000000002ea50000,0x000000002eb50000)]
  0x000000002164d800 JavaThread "ForkJoinPool-2-worker-3" daemon [_thread_in_Java, id=13492, stack(0x000000002e950000,0x000000002ea50000)]
  0x000000002164b800 JavaThread "ForkJoinPool-2-worker-2" daemon [_thread_blocked, id=13572, stack(0x000000002d600000,0x000000002d700000)]
  0x0000000021652000 JavaThread "ForkJoinPool-2-worker-1" daemon [_thread_blocked, id=10300, stack(0x000000002bd30000,0x000000002be30000)]
  0x0000000021646000 JavaThread "ForkJoinPool.commonPool-worker-7" daemon [_thread_blocked, id=6412, stack(0x000000002bf30000,0x000000002c030000)]
  0x0000000021648800 JavaThread "ForkJoinPool.commonPool-worker-6" daemon [_thread_blocked, id=12404, stack(0x000000002be30000,0x000000002bf30000)]
  0x0000000021647800 JavaThread "ForkJoinPool.commonPool-worker-4" daemon [_thread_blocked, id=12572, stack(0x000000002bc30000,0x000000002bd30000)]
  0x000000001d0f6800 JavaThread "ForkJoinPool.commonPool-worker-3" daemon [_thread_blocked, id=3852, stack(0x000000002bb30000,0x000000002bc30000)]
  0x000000001d0f5800 JavaThread "ForkJoinPool.commonPool-worker-1" daemon [_thread_blocked, id=4376, stack(0x000000002b4e0000,0x000000002b5e0000)]
  0x000000001d0f5000 JavaThread "stdout" [_thread_in_native, id=8552, stack(0x000000002b730000,0x000000002b830000)]
  0x000000001d0ec000 JavaThread "stderr" [_thread_in_native, id=11504, stack(0x000000002b630000,0x000000002b730000)]
  0x000000001d0f2800 JavaThread "stdout" [_thread_in_native, id=9708, stack(0x000000002b3e0000,0x000000002b4e0000)]
  0x000000001d0f2000 JavaThread "stderr" [_thread_in_native, id=7364, stack(0x000000002b2e0000,0x000000002b3e0000)]
  0x000000001d0f1000 JavaThread "stdout" [_thread_in_native, id=2324, stack(0x000000002b1e0000,0x000000002b2e0000)]
  0x000000001d0f0800 JavaThread "stderr" [_thread_in_native, id=6348, stack(0x000000002b0e0000,0x000000002b1e0000)]
  0x000000001d0eb000 JavaThread "stdout" [_thread_in_native, id=15164, stack(0x000000002afe0000,0x000000002b0e0000)]
  0x000000001d0e8800 JavaThread "stderr" [_thread_in_native, id=4412, stack(0x000000002aee0000,0x000000002afe0000)]
  0x000000001d0ef800 JavaThread "stdout" [_thread_in_native, id=2068, stack(0x000000002ade0000,0x000000002aee0000)]
  0x000000001d0e8000 JavaThread "stderr" [_thread_in_native, id=10356, stack(0x000000002ace0000,0x000000002ade0000)]
  0x000000001d0ef000 JavaThread "stdout" [_thread_in_native, id=7500, stack(0x000000002abe0000,0x000000002ace0000)]
  0x000000001d0e7000 JavaThread "stderr" [_thread_in_native, id=3556, stack(0x000000002aae0000,0x000000002abe0000)]
  0x000000001d0ea000 JavaThread "stdout" [_thread_in_native, id=2944, stack(0x000000002a890000,0x000000002a990000)]
  0x000000001d0ed800 JavaThread "stderr" [_thread_in_native, id=14288, stack(0x000000002a070000,0x000000002a170000)]
  0x000000001d0ee000 JavaThread "stdout" [_thread_in_native, id=5736, stack(0x000000002a9e0000,0x000000002aae0000)]
  0x000000001d0e9800 JavaThread "stderr" [_thread_in_native, id=15632, stack(0x000000002a670000,0x000000002a770000)]
  0x000000001d0ec800 JavaThread "pool-4-thread-1" [_thread_blocked, id=6320, stack(0x000000002a790000,0x000000002a890000)]
  0x0000000020111800 JavaThread "MarlinRenderer Disposer" daemon [_thread_blocked, id=4176, stack(0x000000002a570000,0x000000002a670000)]
  0x0000000020110800 JavaThread "Java2D Disposer" daemon [_thread_blocked, id=14356, stack(0x000000002a270000,0x000000002a370000)]
  0x000000002010d800 JavaThread "WorkerExecutor Queue Thread 8" [_thread_blocked, id=9688, stack(0x0000000029c70000,0x0000000029d70000)]
  0x000000002010b800 JavaThread "WorkerExecutor Queue Thread 7" [_thread_blocked, id=9308, stack(0x0000000029b70000,0x0000000029c70000)]
  0x000000002010a800 JavaThread "WorkerExecutor Queue Thread 6" [_thread_blocked, id=9456, stack(0x0000000029a70000,0x0000000029b70000)]
  0x000000002010c000 JavaThread "WorkerExecutor Queue Thread 5" [_thread_blocked, id=13612, stack(0x0000000029970000,0x0000000029a70000)]
  0x0000000020103000 JavaThread "WorkerExecutor Queue Thread 4" [_thread_blocked, id=6304, stack(0x0000000029870000,0x0000000029970000)]
  0x0000000020105800 JavaThread "WorkerExecutor Queue Thread 3" [_thread_blocked, id=11276, stack(0x0000000029770000,0x0000000029870000)]
  0x000000002010a000 JavaThread "WorkerExecutor Queue Thread 2" [_thread_blocked, id=13544, stack(0x0000000029670000,0x0000000029770000)]
  0x0000000020104800 JavaThread "WorkerExecutor Queue" [_thread_blocked, id=15432, stack(0x0000000029370000,0x0000000029470000)]
  0x0000000020104000 JavaThread "Cache worker for execution history cache (C:\Users\Admin\Documents\programowanie\kotlin\Coctails\.gradle\6.1.1\executionHistory)" [_thread_blocked, id=9684, stack(0x0000000029270000,0x0000000029370000)]
  0x0000000020109000 JavaThread "Execution worker for ':' Thread 7" [_thread_blocked, id=3300, stack(0x0000000029170000,0x0000000029270000)]
  0x0000000020106000 JavaThread "Execution worker for ':' Thread 6" [_thread_blocked, id=13548, stack(0x0000000029070000,0x0000000029170000)]
  0x0000000019dc2800 JavaThread "Execution worker for ':' Thread 5" [_thread_blocked, id=15752, stack(0x0000000028f70000,0x0000000029070000)]
  0x0000000019dbe800 JavaThread "Execution worker for ':' Thread 4" [_thread_blocked, id=13644, stack(0x0000000028e70000,0x0000000028f70000)]
  0x0000000019dbe000 JavaThread "Execution worker for ':' Thread 3" [_thread_blocked, id=2260, stack(0x0000000028d70000,0x0000000028e70000)]
  0x0000000019dc0000 JavaThread "Execution worker for ':' Thread 2" [_thread_blocked, id=2428, stack(0x0000000028c70000,0x0000000028d70000)]
  0x0000000019dbf800 JavaThread "Execution worker for ':'" [_thread_in_native, id=7584, stack(0x0000000028b70000,0x0000000028c70000)]
  0x000000001f208000 JavaThread "Cache worker for file content cache (C:\Users\Admin\Documents\programowanie\kotlin\Coctails\.gradle\6.1.1\fileContent)" [_thread_blocked, id=11876, stack(0x0000000026d90000,0x0000000026e90000)]
  0x000000001f20b800 JavaThread "Cache worker for file content cache (C:\Users\Admin\.gradle\caches\6.1.1\fileContent)" [_thread_blocked, id=11864, stack(0x0000000028a70000,0x0000000028b70000)]
  0x000000001f20e800 JavaThread "Memory manager" [_thread_blocked, id=8300, stack(0x0000000025c10000,0x0000000025d10000)]
  0x000000001f20b000 JavaThread "Cache worker for Build Output Cleanup Cache (C:\Users\Admin\Documents\programowanie\kotlin\Coctails\.gradle\buildOutputCleanup)" [_thread_blocked, id=13384, stack(0x0000000025650000,0x0000000025750000)]
  0x000000001f208800 JavaThread "pool-3-thread-1" [_thread_blocked, id=4208, stack(0x0000000025550000,0x0000000025650000)]
  0x000000001f200800 JavaThread "Build operations Thread 8" [_thread_blocked, id=7716, stack(0x0000000025450000,0x0000000025550000)]
  0x000000001f203800 JavaThread "Build operations Thread 7" [_thread_blocked, id=13732, stack(0x0000000024f50000,0x0000000025050000)]
  0x000000001f202800 JavaThread "Build operations Thread 6" [_thread_blocked, id=15408, stack(0x0000000024e50000,0x0000000024f50000)]
  0x000000001f207000 JavaThread "Build operations Thread 5" [_thread_blocked, id=15476, stack(0x0000000024d50000,0x0000000024e50000)]
  0x000000001f1ff800 JavaThread "Build operations Thread 4" [_thread_blocked, id=15328, stack(0x0000000024c50000,0x0000000024d50000)]
  0x000000001f201000 JavaThread "Build operations Thread 3" [_thread_blocked, id=10160, stack(0x0000000024b50000,0x0000000024c50000)]
  0x0000000021f4e000 JavaThread "Build operations Thread 2" [_thread_blocked, id=12024, stack(0x0000000024a50000,0x0000000024b50000)]
  0x0000000021f46800 JavaThread "Build operations" [_thread_blocked, id=9496, stack(0x0000000024950000,0x0000000024a50000)]
  0x0000000021f46000 JavaThread "Cache worker for cache directory md-rule (C:\Users\Admin\.gradle\caches\6.1.1\md-rule)" [_thread_blocked, id=15604, stack(0x00000000233a0000,0x00000000234a0000)]
  0x0000000021f4b000 JavaThread "Cache worker for cache directory md-supplier (C:\Users\Admin\.gradle\caches\6.1.1\md-supplier)" [_thread_blocked, id=6732, stack(0x0000000021370000,0x0000000021470000)]
  0x0000000021f4a800 JavaThread "Cache worker for file hash cache (C:\Users\Admin\Documents\programowanie\kotlin\Coctails\.gradle\6.1.1\fileHashes)" [_thread_blocked, id=9332, stack(0x0000000021270000,0x0000000021370000)]
  0x0000000021f49800 JavaThread "Cache worker for checksums cache (C:\Users\Admin\Documents\programowanie\kotlin\Coctails\.gradle\checksums)" [_thread_blocked, id=8916, stack(0x0000000021170000,0x0000000021270000)]
  0x0000000021f48000 JavaThread "Thread-32" [_thread_blocked, id=8908, stack(0x0000000021070000,0x0000000021170000)]
  0x0000000021f4c000 JavaThread "Stdin handler" [_thread_blocked, id=4152, stack(0x000000001e3d0000,0x000000001e4d0000)]
  0x0000000021f4c800 JavaThread "Asynchronous log dispatcher for DefaultDaemonConnection: socket connection from /127.0.0.1:54879 to /127.0.0.1:55314" [_thread_blocked, id=9552, stack(0x000000001e2d0000,0x000000001e3d0000)]
  0x0000000021f41800 JavaThread "Daemon worker Thread 2" [_thread_blocked, id=8744, stack(0x000000001ddd0000,0x000000001ded0000)]
  0x0000000021f44800 JavaThread "Cancel handler" [_thread_blocked, id=15000, stack(0x00000000012e0000,0x00000000013e0000)]
  0x0000000021f47800 JavaThread "Handler for socket connection from /127.0.0.1:54879 to /127.0.0.1:55314" [_thread_in_native, id=1128, stack(0x00000000011e0000,0x00000000012e0000)]
  0x0000000021f3f000 JavaThread "Daemon Thread 2" [_thread_blocked, id=13608, stack(0x00000000010e0000,0x00000000011e0000)]
  0x0000000019dbb800 JavaThread "Cache worker for execution history cache (C:\Users\Admin\.gradle\caches\6.1.1\executionHistory)" [_thread_blocked, id=13956, stack(0x00000000226a0000,0x00000000227a0000)]
  0x0000000019dbc800 JavaThread "Cache worker for file hash cache (C:\Users\Admin\.gradle\caches\6.1.1\fileHashes)" [_thread_blocked, id=2412, stack(0x000000001ebd0000,0x000000001ecd0000)]
  0x0000000019dbd000 JavaThread "File lock request listener" [_thread_in_native, id=2380, stack(0x000000001ead0000,0x000000001ebd0000)]
  0x000000001cb0a000 JavaThread "Cache worker for journal cache (C:\Users\Admin\.gradle\caches\journal-1)" [_thread_blocked, id=15400, stack(0x000000001e9d0000,0x000000001ead0000)]
  0x000000001c85e800 JavaThread "Daemon periodic checks" [_thread_blocked, id=15336, stack(0x000000001dcd0000,0x000000001ddd0000)]
  0x000000001c816800 JavaThread "Incoming local TCP Connector on port 54879" [_thread_in_native, id=15284, stack(0x000000001da70000,0x000000001db70000)]
  0x000000001c7dd800 JavaThread "Daemon health stats" [_thread_blocked, id=14224, stack(0x000000001d430000,0x000000001d530000)]
  0x0000000019e0e000 JavaThread "Service Thread" daemon [_thread_blocked, id=15600, stack(0x000000001aa90000,0x000000001ab90000)]
  0x0000000019dc1800 JavaThread "C1 CompilerThread3" daemon [_thread_in_vm, id=12008, stack(0x000000001a990000,0x000000001aa90000)]
=>0x0000000019dc1000 JavaThread "C2 CompilerThread2" daemon [_thread_in_native, id=15840, stack(0x000000001a890000,0x000000001a990000)]
  0x0000000019db6800 JavaThread "C2 CompilerThread1" daemon [_thread_in_native, id=16340, stack(0x000000001a790000,0x000000001a890000)]
  0x0000000019db0800 JavaThread "C2 CompilerThread0" daemon [_thread_in_native, id=9888, stack(0x000000001a690000,0x000000001a790000)]
  0x0000000019daf000 JavaThread "Attach Listener" daemon [_thread_blocked, id=14796, stack(0x000000001a590000,0x000000001a690000)]
  0x0000000019dae000 JavaThread "Signal Dispatcher" daemon [_thread_blocked, id=2936, stack(0x000000001a490000,0x000000001a590000)]
  0x0000000019da0800 JavaThread "Finalizer" daemon [_thread_blocked, id=15828, stack(0x000000001a280000,0x000000001a380000)]
  0x0000000017fac800 JavaThread "Reference Handler" daemon [_thread_blocked, id=14304, stack(0x000000001a180000,0x000000001a280000)]
  0x0000000002e42800 JavaThread "main" [_thread_blocked, id=12044, stack(0x0000000002d40000,0x0000000002e40000)]

Other Threads:
  0x0000000002f36800 VMThread [stack: 0x0000000019c80000,0x0000000019d80000] [id=15820]
  0x0000000019e0f000 WatcherThread [stack: 0x000000001ab90000,0x000000001ac90000] [id=6640]

VM state:not at safepoint (normal execution)

VM Mutex/Monitor currently owned by a thread: None

heap address: 0x0000000080000000, size: 2048 MB, Compressed Oops mode: 32-bit
Narrow klass base: 0x0000000000000000, Narrow klass shift: 3
Compressed class space size: 1073741824 Address: 0x0000000100000000

Heap:
 PSYoungGen      total 494592K, used 227467K [0x00000000d5580000, 0x00000000f5280000, 0x0000000100000000)
  eden space 467968K, 47% used [0x00000000d5580000,0x00000000e2f8c570,0x00000000f1e80000)
  from space 26624K, 15% used [0x00000000f1e80000,0x00000000f22969d8,0x00000000f3880000)
  to   space 20480K, 0% used [0x00000000f3e80000,0x00000000f3e80000,0x00000000f5280000)
 ParOldGen       total 214528K, used 104116K [0x0000000080000000, 0x000000008d180000, 0x00000000d5580000)
  object space 214528K, 48% used [0x0000000080000000,0x00000000865ad198,0x000000008d180000)
 Metaspace       used 99132K, capacity 104088K, committed 104232K, reserved 1140736K
  class space    used 12897K, capacity 13846K, committed 13872K, reserved 1048576K

Card table byte_map: [0x0000000012300000,0x0000000012710000] byte_map_base: 0x0000000011f00000

Marking Bits: (ParMarkBitMap*) 0x0000000067e2f030
 Begin Bits: [0x00000000131c0000, 0x00000000151c0000)
 End Bits:   [0x00000000151c0000, 0x00000000171c0000)

Polling page: 0x0000000002ca0000

CodeCache: size=245760Kb used=50242Kb max_used=50242Kb free=195517Kb
 bounds [0x0000000002f40000, 0x0000000006090000, 0x0000000011f40000]
 total_blobs=15893 nmethods=14872 adapters=930
 compilation: enabled

Compilation events (10 events):
Event: 1134.273 Thread 0x0000000019dc1800 17877       2       org.gradle.api.internal.file.CompositeFileCollection::getFiles (96 bytes)
Event: 1134.274 Thread 0x0000000019dc1800 nmethod 17877 0x00000000060884d0 code [0x00000000060886c0, 0x0000000006088bc8]
Event: 1134.277 Thread 0x0000000019dc1800 17878       2       com.android.tools.r8.code.u1$a::c (45 bytes)
Event: 1134.278 Thread 0x0000000019dc1800 nmethod 17878 0x0000000006088e90 code [0x0000000006089000, 0x00000000060891a8]
Event: 1134.279 Thread 0x0000000019dc1800 17883       2       java.util.Arrays::hashCode (56 bytes)
Event: 1134.280 Thread 0x0000000019dc1800 nmethod 17883 0x0000000006089250 code [0x00000000060893c0, 0x00000000060895e8]
Event: 1134.282 Thread 0x0000000019dc1800 17891       2       com.android.tools.r8.dex.n$d::a (102 bytes)
Event: 1134.282 Thread 0x0000000019dc1800 nmethod 17891 0x0000000006089710 code [0x00000000060898c0, 0x0000000006089c28]
Event: 1134.284 Thread 0x0000000019dc1800 17901   !   2       java.io.ObjectStreamClass::getReflector (336 bytes)
Event: 1134.292 Thread 0x0000000019dc1800 nmethod 17901 0x0000000006089f10 code [0x000000000608a200, 0x000000000608b558]

GC Heap History (10 events):
Event: 1128.540 GC heap before
{Heap before GC invocations=27 (full 4):
 PSYoungGen      total 346112K, used 322103K [0x00000000d5580000, 0x00000000ec500000, 0x0000000100000000)
  eden space 315904K, 100% used [0x00000000d5580000,0x00000000e8a00000,0x00000000e8a00000)
  from space 30208K, 20% used [0x00000000ea780000,0x00000000ead8dff0,0x00000000ec500000)
  to   space 30208K, 0% used [0x00000000e8a00000,0x00000000e8a00000,0x00000000ea780000)
 ParOldGen       total 214528K, used 83846K [0x0000000080000000, 0x000000008d180000, 0x00000000d5580000)
  object space 214528K, 39% used [0x0000000080000000,0x00000000851e1a50,0x000000008d180000)
 Metaspace       used 98209K, capacity 102978K, committed 103208K, reserved 1138688K
  class space    used 12816K, capacity 13733K, committed 13872K, reserved 1048576K
Event: 1128.635 GC heap after
Heap after GC invocations=27 (full 4):
 PSYoungGen      total 346112K, used 7792K [0x00000000d5580000, 0x00000000f1900000, 0x0000000100000000)
  eden space 315904K, 0% used [0x00000000d5580000,0x00000000d5580000,0x00000000e8a00000)
  from space 30208K, 25% used [0x00000000e8a00000,0x00000000e919c098,0x00000000ea780000)
  to   space 28672K, 0% used [0x00000000efd00000,0x00000000efd00000,0x00000000f1900000)
 ParOldGen       total 214528K, used 88711K [0x0000000080000000, 0x000000008d180000, 0x00000000d5580000)
  object space 214528K, 41% used [0x0000000080000000,0x00000000856a1d38,0x000000008d180000)
 Metaspace       used 98209K, capacity 102978K, committed 103208K, reserved 1138688K
  class space    used 12816K, capacity 13733K, committed 13872K, reserved 1048576K
}
Event: 1129.888 GC heap before
{Heap before GC invocations=28 (full 4):
 PSYoungGen      total 346112K, used 323696K [0x00000000d5580000, 0x00000000f1900000, 0x0000000100000000)
  eden space 315904K, 100% used [0x00000000d5580000,0x00000000e8a00000,0x00000000e8a00000)
  from space 30208K, 25% used [0x00000000e8a00000,0x00000000e919c098,0x00000000ea780000)
  to   space 28672K, 0% used [0x00000000efd00000,0x00000000efd00000,0x00000000f1900000)
 ParOldGen       total 214528K, used 88711K [0x0000000080000000, 0x000000008d180000, 0x00000000d5580000)
  object space 214528K, 41% used [0x0000000080000000,0x00000000856a1d38,0x000000008d180000)
 Metaspace       used 98385K, capacity 103192K, committed 103464K, reserved 1138688K
  class space    used 12818K, capacity 13736K, committed 13872K, reserved 1048576K
Event: 1129.900 GC heap after
Heap after GC invocations=28 (full 4):
 PSYoungGen      total 420352K, used 3360K [0x00000000d5580000, 0x00000000f1200000, 0x0000000100000000)
  eden space 398848K, 0% used [0x00000000d5580000,0x00000000d5580000,0x00000000edb00000)
  from space 21504K, 15% used [0x00000000efd00000,0x00000000f0048000,0x00000000f1200000)
  to   space 28160K, 0% used [0x00000000edb00000,0x00000000edb00000,0x00000000ef680000)
 ParOldGen       total 214528K, used 95872K [0x0000000080000000, 0x000000008d180000, 0x00000000d5580000)
  object space 214528K, 44% used [0x0000000080000000,0x0000000085da0220,0x000000008d180000)
 Metaspace       used 98385K, capacity 103192K, committed 103464K, reserved 1138688K
  class space    used 12818K, capacity 13736K, committed 13872K, reserved 1048576K
}
Event: 1130.619 GC heap before
{Heap before GC invocations=29 (full 4):
 PSYoungGen      total 420352K, used 402208K [0x00000000d5580000, 0x00000000f1200000, 0x0000000100000000)
  eden space 398848K, 100% used [0x00000000d5580000,0x00000000edb00000,0x00000000edb00000)
  from space 21504K, 15% used [0x00000000efd00000,0x00000000f0048000,0x00000000f1200000)
  to   space 28160K, 0% used [0x00000000edb00000,0x00000000edb00000,0x00000000ef680000)
 ParOldGen       total 214528K, used 95872K [0x0000000080000000, 0x000000008d180000, 0x00000000d5580000)
  object space 214528K, 44% used [0x0000000080000000,0x0000000085da0220,0x000000008d180000)
 Metaspace       used 98439K, capacity 103266K, committed 103464K, reserved 1138688K
  class space    used 12819K, capacity 13737K, committed 13872K, reserved 1048576K
Event: 1130.631 GC heap after
Heap after GC invocations=29 (full 4):
 PSYoungGen      total 427008K, used 3664K [0x00000000d5580000, 0x00000000f5980000, 0x0000000100000000)
  eden space 398848K, 0% used [0x00000000d5580000,0x00000000d5580000,0x00000000edb00000)
  from space 28160K, 13% used [0x00000000edb00000,0x00000000ede94010,0x00000000ef680000)
  to   space 27648K, 0% used [0x00000000f3e80000,0x00000000f3e80000,0x00000000f5980000)
 ParOldGen       total 214528K, used 98464K [0x0000000080000000, 0x000000008d180000, 0x00000000d5580000)
  object space 214528K, 45% used [0x0000000080000000,0x0000000086028148,0x000000008d180000)
 Metaspace       used 98439K, capacity 103266K, committed 103464K, reserved 1138688K
  class space    used 12819K, capacity 13737K, committed 13872K, reserved 1048576K
}
Event: 1131.859 GC heap before
{Heap before GC invocations=30 (full 4):
 PSYoungGen      total 427008K, used 402512K [0x00000000d5580000, 0x00000000f5980000, 0x0000000100000000)
  eden space 398848K, 100% used [0x00000000d5580000,0x00000000edb00000,0x00000000edb00000)
  from space 28160K, 13% used [0x00000000edb00000,0x00000000ede94010,0x00000000ef680000)
  to   space 27648K, 0% used [0x00000000f3e80000,0x00000000f3e80000,0x00000000f5980000)
 ParOldGen       total 214528K, used 98464K [0x0000000080000000, 0x000000008d180000, 0x00000000d5580000)
  object space 214528K, 45% used [0x0000000080000000,0x0000000086028148,0x000000008d180000)
 Metaspace       used 98512K, capacity 103344K, committed 103720K, reserved 1138688K
  class space    used 12822K, capacity 13738K, committed 13872K, reserved 1048576K
Event: 1131.870 GC heap after
Heap after GC invocations=30 (full 4):
 PSYoungGen      total 488448K, used 4901K [0x00000000d5580000, 0x00000000f5280000, 0x0000000100000000)
  eden space 467968K, 0% used [0x00000000d5580000,0x00000000d5580000,0x00000000f1e80000)
  from space 20480K, 23% used [0x00000000f3e80000,0x00000000f4349628,0x00000000f5280000)
  to   space 26624K, 0% used [0x00000000f1e80000,0x00000000f1e80000,0x00000000f3880000)
 ParOldGen       total 214528K, used 100929K [0x0000000080000000, 0x000000008d180000, 0x00000000d5580000)
  object space 214528K, 47% used [0x0000000080000000,0x0000000086290700,0x000000008d180000)
 Metaspace       used 98512K, capacity 103344K, committed 103720K, reserved 1138688K
  class space    used 12822K, capacity 13738K, committed 13872K, reserved 1048576K
}
Event: 1133.131 GC heap before
{Heap before GC invocations=31 (full 4):
 PSYoungGen      total 488448K, used 472869K [0x00000000d5580000, 0x00000000f5280000, 0x0000000100000000)
  eden space 467968K, 100% used [0x00000000d5580000,0x00000000f1e80000,0x00000000f1e80000)
  from space 20480K, 23% used [0x00000000f3e80000,0x00000000f4349628,0x00000000f5280000)
  to   space 26624K, 0% used [0x00000000f1e80000,0x00000000f1e80000,0x00000000f3880000)
 ParOldGen       total 214528K, used 100929K [0x0000000080000000, 0x000000008d180000, 0x00000000d5580000)
  object space 214528K, 47% used [0x0000000080000000,0x0000000086290700,0x000000008d180000)
 Metaspace       used 98582K, capacity 103440K, committed 103720K, reserved 1138688K
  class space    used 12824K, capacity 13740K, committed 13872K, reserved 1048576K
Event: 1133.145 GC heap after
Heap after GC invocations=31 (full 4):
 PSYoungGen      total 494592K, used 4186K [0x00000000d5580000, 0x00000000f5280000, 0x0000000100000000)
  eden space 467968K, 0% used [0x00000000d5580000,0x00000000d5580000,0x00000000f1e80000)
  from space 26624K, 15% used [0x00000000f1e80000,0x00000000f22969d8,0x00000000f3880000)
  to   space 20480K, 0% used [0x00000000f3e80000,0x00000000f3e80000,0x00000000f5280000)
 ParOldGen       total 214528K, used 104116K [0x0000000080000000, 0x000000008d180000, 0x00000000d5580000)
  object space 214528K, 48% used [0x0000000080000000,0x00000000865ad198,0x000000008d180000)
 Metaspace       used 98582K, capacity 103440K, committed 103720K, reserved 1138688K
  class space    used 12824K, capacity 13740K, committed 13872K, reserved 1048576K
}

Deoptimization events (10 events):
Event: 1130.724 Thread 0x000000001f202800 Uncommon trap: reason=unstable_if action=reinterpret pc=0x0000000005915f18 method=com.android.tools.r8.graph.e0.a([C)I @ 44
Event: 1131.428 Thread 0x000000001f202800 Uncommon trap: reason=bimorphic action=maybe_recompile pc=0x0000000004cba834 method=java.util.HashMap.removeNode(ILjava/lang/Object;Ljava/lang/Object;ZZ)Ljava/util/HashMap$Node; @ 143
Event: 1131.431 Thread 0x000000001f202800 Uncommon trap: reason=bimorphic action=maybe_recompile pc=0x0000000004a0007c method=java.util.HashMap.removeNode(ILjava/lang/Object;Ljava/lang/Object;ZZ)Ljava/util/HashMap$Node; @ 143
Event: 1131.436 Thread 0x000000001f1ff800 Uncommon trap: reason=unstable_if action=reinterpret pc=0x00000000050d6e20 method=com.google.common.base.Objects.equal(Ljava/lang/Object;Ljava/lang/Object;)Z @ 6
Event: 1131.602 Thread 0x000000001f202800 Uncommon trap: reason=unstable_if action=reinterpret pc=0x00000000056de514 method=com.android.tools.r8.ir.regalloc.b.compareTo(Ljava/lang/Object;)I @ 52
Event: 1131.921 Thread 0x000000001f207000 Uncommon trap: reason=unstable_if action=reinterpret pc=0x0000000005d4ecc8 method=com.android.tools.r8.ir.regalloc.h.a(ILcom/android/tools/r8/ir/regalloc/h$a;)Z @ 73
Event: 1133.510 Thread 0x0000000021f41800 Uncommon trap: reason=unstable_if action=reinterpret pc=0x0000000003680504 method=java.util.HashMap.getNode(ILjava/lang/Object;)Ljava/util/HashMap$Node; @ 84
Event: 1134.277 Thread 0x000000002164d800 Uncommon trap: reason=unstable_if action=reinterpret pc=0x0000000003bc49b0 method=java.util.Arrays.hashCode([Ljava/lang/Object;)I @ 1
Event: 1134.277 Thread 0x0000000021653000 Uncommon trap: reason=unstable_if action=reinterpret pc=0x0000000003bc49b0 method=java.util.Arrays.hashCode([Ljava/lang/Object;)I @ 1
Event: 1134.277 Thread 0x000000002010e800 Uncommon trap: reason=unstable_if action=reinterpret pc=0x0000000003bc49b0 method=java.util.Arrays.hashCode([Ljava/lang/Object;)I @ 1

Classes redefined (0 events):
No events

Internal exceptions (10 events):
Event: 1132.076 Thread 0x000000001f200800 Exception <a 'sun/nio/fs/WindowsException'> (0x00000000e05a0560) thrown at [C:\src\AOSP-openjdk-git\hotspot\src\share\vm\prims\jni.cpp, line 710]
Event: 1132.085 Thread 0x000000001f1ff800 Exception <a 'sun/nio/fs/WindowsException'> (0x00000000e0a19418) thrown at [C:\src\AOSP-openjdk-git\hotspot\src\share\vm\prims\jni.cpp, line 710]
Event: 1132.088 Thread 0x000000001f203800 Exception <a 'sun/nio/fs/WindowsException'> (0x00000000e094eff8) thrown at [C:\src\AOSP-openjdk-git\hotspot\src\share\vm\prims\jni.cpp, line 710]
Event: 1132.192 Thread 0x0000000021f46800 Exception <a 'sun/nio/fs/WindowsException'> (0x00000000e3984108) thrown at [C:\src\AOSP-openjdk-git\hotspot\src\share\vm\prims\jni.cpp, line 710]
Event: 1133.855 Thread 0x0000000021f41800 Exception <a 'sun/nio/fs/WindowsException'> (0x00000000dfb4d5f8) thrown at [C:\src\AOSP-openjdk-git\hotspot\src\share\vm\prims\jni.cpp, line 710]
Event: 1133.894 Thread 0x0000000021f41800 Exception <a 'java/lang/NoSuchMethodError': <clinit>> (0x00000000dfc005b8) thrown at [C:\src\AOSP-openjdk-git\hotspot\src\share\vm\prims\jni.cpp, line 1615]
Event: 1133.986 Thread 0x000000002010a000 Exception <a 'sun/nio/fs/WindowsException'> (0x00000000e069f3d8) thrown at [C:\src\AOSP-openjdk-git\hotspot\src\share\vm\prims\jni.cpp, line 710]
Event: 1134.277 Thread 0x000000002164d800 Implicit null exception at 0x0000000003bc48af to 0x0000000003bc49a1
Event: 1134.277 Thread 0x0000000021653000 Implicit null exception at 0x0000000003bc48af to 0x0000000003bc49a1
Event: 1134.277 Thread 0x000000002010e800 Implicit null exception at 0x0000000003bc48af to 0x0000000003bc49a1

Events (10 events):
Event: 1134.278 Thread 0x0000000021653000 DEOPT UNPACKING pc=0x0000000002f8557b sp=0x000000002eb4e908 mode 2
Event: 1134.278 Thread 0x000000002010e800 DEOPT UNPACKING pc=0x0000000002f8557b sp=0x000000002fe3ee18 mode 2
Event: 1134.278 Thread 0x0000000019dc0000 DEOPT PACKING pc=0x0000000004c9eacd sp=0x0000000028d695a0
Event: 1134.278 Thread 0x0000000019dc0000 DEOPT UNPACKING pc=0x0000000002f875d0 sp=0x0000000028d692e0 mode 0
Event: 1134.278 Executing VM operation: RevokeBias
Event: 1134.279 Executing VM operation: RevokeBias done
Event: 1134.280 Executing VM operation: RevokeBias
Event: 1134.280 Executing VM operation: RevokeBias done
Event: 1134.284 Executing VM operation: RevokeBias
Event: 1134.285 Executing VM operation: RevokeBias done


Dynamic libraries:
0x00007ff6eb060000 - 0x00007ff6eb091000 	C:\Program Files\Android\Android Studio\jre\bin\java.exe
0x00007ffc30db0000 - 0x00007ffc30fa5000 	C:\WINDOWS\SYSTEM32\ntdll.dll
0x00007ffc30c80000 - 0x00007ffc30d3e000 	C:\WINDOWS\System32\KERNEL32.DLL
0x00007ffc2eb00000 - 0x00007ffc2edc8000 	C:\WINDOWS\System32\KERNELBASE.dll
0x00007ffc2fe30000 - 0x00007ffc2fede000 	C:\WINDOWS\System32\ADVAPI32.dll
0x00007ffc2f4e0000 - 0x00007ffc2f57e000 	C:\WINDOWS\System32\msvcrt.dll
0x00007ffc300f0000 - 0x00007ffc3018c000 	C:\WINDOWS\System32\sechost.dll
0x00007ffc2f930000 - 0x00007ffc2fa55000 	C:\WINDOWS\System32\RPCRT4.dll
0x00007ffc2f5e0000 - 0x00007ffc2f780000 	C:\WINDOWS\System32\USER32.dll
0x00007ffc2e850000 - 0x00007ffc2e872000 	C:\WINDOWS\System32\win32u.dll
0x00007ffc2ff70000 - 0x00007ffc2ff9b000 	C:\WINDOWS\System32\GDI32.dll
0x00007ffc2e9a0000 - 0x00007ffc2eaad000 	C:\WINDOWS\System32\gdi32full.dll
0x00007ffc2e490000 - 0x00007ffc2e52d000 	C:\WINDOWS\System32\msvcp_win.dll
0x00007ffc2e750000 - 0x00007ffc2e850000 	C:\WINDOWS\System32\ucrtbase.dll
0x00007ffc21770000 - 0x00007ffc21a0a000 	C:\WINDOWS\WinSxS\amd64_microsoft.windows.common-controls_6595b64144ccf1df_6.0.19041.1110_none_60b5254171f9507e\COMCTL32.dll
0x00007ffc2ff40000 - 0x00007ffc2ff70000 	C:\WINDOWS\System32\IMM32.DLL
0x0000000067420000 - 0x00000000674f2000 	C:\Program Files\Android\Android Studio\jre\jre\bin\msvcr100.dll
0x0000000067660000 - 0x0000000067eab000 	C:\Program Files\Android\Android Studio\jre\jre\bin\server\jvm.dll
0x00007ffc2edd0000 - 0x00007ffc2edd8000 	C:\WINDOWS\System32\PSAPI.DLL
0x00007ffc21af0000 - 0x00007ffc21b17000 	C:\WINDOWS\SYSTEM32\WINMM.dll
0x00007ffc20060000 - 0x00007ffc2006a000 	C:\WINDOWS\SYSTEM32\VERSION.dll
0x00007ffc246f0000 - 0x00007ffc246f9000 	C:\WINDOWS\SYSTEM32\WSOCK32.dll
0x00007ffc2fa60000 - 0x00007ffc2facb000 	C:\WINDOWS\System32\WS2_32.dll
0x00007ffc21c50000 - 0x00007ffc21c5f000 	C:\Program Files\Android\Android Studio\jre\jre\bin\verify.dll
0x00007ffc1e0b0000 - 0x00007ffc1e0d9000 	C:\Program Files\Android\Android Studio\jre\jre\bin\java.dll
0x00007ffc1e530000 - 0x00007ffc1e546000 	C:\Program Files\Android\Android Studio\jre\jre\bin\zip.dll
0x00007ffc302a0000 - 0x00007ffc309e4000 	C:\WINDOWS\System32\SHELL32.dll
0x00007ffc2c580000 - 0x00007ffc2cd14000 	C:\WINDOWS\SYSTEM32\windows.storage.dll
0x00007ffc2fad0000 - 0x00007ffc2fe25000 	C:\WINDOWS\System32\combase.dll
0x00007ffc2dee0000 - 0x00007ffc2df0e000 	C:\WINDOWS\SYSTEM32\Wldp.dll
0x00007ffc30a70000 - 0x00007ffc30b1d000 	C:\WINDOWS\System32\SHCORE.dll
0x00007ffc2fee0000 - 0x00007ffc2ff35000 	C:\WINDOWS\System32\shlwapi.dll
0x00007ffc2e3d0000 - 0x00007ffc2e3ef000 	C:\WINDOWS\SYSTEM32\profapi.dll
0x00007ffc1e000000 - 0x00007ffc1e01a000 	C:\Program Files\Android\Android Studio\jre\jre\bin\net.dll
0x00007ffc2dbd0000 - 0x00007ffc2dc3a000 	C:\WINDOWS\system32\mswsock.dll
0x00007ffc1dfe0000 - 0x00007ffc1dff3000 	C:\Program Files\Android\Android Studio\jre\jre\bin\nio.dll
0x00007ffc1e5c0000 - 0x00007ffc1e5e6000 	C:\Users\Admin\.gradle\native\31\windows-amd64\native-platform.dll
0x00007ffc1f010000 - 0x00007ffc1f01d000 	C:\Program Files\Android\Android Studio\jre\jre\bin\management.dll
0x00007ffc2de40000 - 0x00007ffc2de58000 	C:\WINDOWS\SYSTEM32\CRYPTSP.dll
0x00007ffc2d4f0000 - 0x00007ffc2d524000 	C:\WINDOWS\system32\rsaenh.dll
0x00007ffc2e530000 - 0x00007ffc2e557000 	C:\WINDOWS\System32\bcrypt.dll
0x00007ffc2e350000 - 0x00007ffc2e37e000 	C:\WINDOWS\SYSTEM32\USERENV.dll
0x00007ffc2e560000 - 0x00007ffc2e5e2000 	C:\WINDOWS\System32\bcryptprimitives.dll
0x00007ffc2de30000 - 0x00007ffc2de3c000 	C:\WINDOWS\SYSTEM32\CRYPTBASE.dll
0x00007ffc2d8c0000 - 0x00007ffc2d8fb000 	C:\WINDOWS\SYSTEM32\IPHLPAPI.DLL
0x00007ffc30c70000 - 0x00007ffc30c78000 	C:\WINDOWS\System32\NSI.dll
0x00007ffc258a0000 - 0x00007ffc258b7000 	C:\WINDOWS\SYSTEM32\dhcpcsvc6.DLL
0x00007ffc25810000 - 0x00007ffc2582d000 	C:\WINDOWS\SYSTEM32\dhcpcsvc.DLL
0x00007ffc2d900000 - 0x00007ffc2d9cb000 	C:\WINDOWS\SYSTEM32\DNSAPI.dll
0x00007ffc0b560000 - 0x00007ffc0b584000 	C:\Program Files\Android\Android Studio\jre\jre\bin\sunec.dll
0x00007ffc22760000 - 0x00007ffc2276a000 	C:\Windows\System32\rasadhlp.dll
0x00007ffc22660000 - 0x00007ffc226df000 	C:\WINDOWS\System32\fwpuclnt.dll
0x00007ffc29fb0000 - 0x00007ffc29fbb000 	C:\Program Files\Android\Android Studio\jre\jre\bin\sunmscapi.dll
0x00007ffc2e5f0000 - 0x00007ffc2e746000 	C:\WINDOWS\System32\CRYPT32.dll
0x00007ffbd8f50000 - 0x00007ffbd90ec000 	C:\Program Files\Android\Android Studio\jre\jre\bin\awt.dll
0x00007ffc2ef90000 - 0x00007ffc2f05d000 	C:\WINDOWS\System32\OLEAUT32.dll
0x00007ffc2c090000 - 0x00007ffc2c0bf000 	C:\WINDOWS\SYSTEM32\dwmapi.dll
0x00007ffc2ab10000 - 0x00007ffc2b0d0000 	C:\WINDOWS\SYSTEM32\d2d1.dll
0x00007ffc2bcc0000 - 0x00007ffc2bd50000 	C:\WINDOWS\SYSTEM32\apphelp.dll
0x00007ffc2be20000 - 0x00007ffc2bebe000 	C:\WINDOWS\system32\uxtheme.dll

VM Arguments:
jvm_args: -Xmx2048m -Dfile.encoding=windows-1250 -Duser.country=PL -Duser.language=pl -Duser.variant 
java_command: org.gradle.launcher.daemon.bootstrap.GradleDaemon 6.1.1
java_class_path (initial): C:\Users\Admin\.gradle\wrapper\dists\gradle-6.1.1-all\cfmwm155h49vnt3hynmlrsdst\gradle-6.1.1\lib\gradle-launcher-6.1.1.jar
Launcher Type: SUN_STANDARD

Environment Variables:
PATH=C:\Program Files (x86)\Common Files\Oracle\Java\javapath;C:\Program Files\apache-maven-3.6.3\bin;C:\Program Files (x86)\NVIDIA Corporation\PhysX\Common;C:\Program Files\Python37\Scripts\;C:\Program Files\Python37\;C:\WINDOWS\system32;C:\WINDOWS;C:\WINDOWS\System32\Wbem;C:\WINDOWS\System32\WindowsPowerShell\v1.0\;C:\WINDOWS\System32\OpenSSH\;C:\Program Files (x86)\Brackets\command;C:\Program Files (x86)\AMD\ATI.ACE\Core-Static;C:\Program Files\nodejs\;C:\Program Files\CMake\bin;C:\Program Files\Git LFS;C:\Program Files\dotnet\;C:\Program Files\Microsoft SQL Server\130\Tools\Binn\;C:\Program Files\Microsoft SQL Server\Client SDK\ODBC\170\Tools\Binn\;C:\Program Files\PuTTY\;C:\Program Files\Git\cmd;C:\Program Files (x86)\Microsoft SQL Server\150\DTS\Binn\;C:\Program Files\Azure Data Studio\bin;C:\Users\Admin\AppData\Local\Microsoft\WindowsApps;C:\flutter\flutter_windows_1.17.5-stable\flutter\bin;C:\Program Files\JetBrains\WebStorm 2019.2.3\bin;;C:\Users\Admin\AppData\Local\Programs\Microsoft VS Code\bin;C:\Program Files\JetBrains\IntelliJ IDEA Community Edition 2020.2.3\bin;;C:\Users\Admin\AppData\Roaming\npm;C:\Users\Admin\.dotnet\tools;C:\Program Files\Azure Data Studio\bin
USERNAME=Admin
OS=Windows_NT
PROCESSOR_IDENTIFIER=Intel64 Family 6 Model 60 Stepping 3, GenuineIntel



---------------  S Y S T E M  ---------------

OS: Windows 10.0 , 64 bit Build 19041 (10.0.19041.1503)

CPU:total 8 (initial active 8) (4 cores per cpu, 2 threads per core) family 6 model 60 stepping 3, cmov, cx8, fxsr, mmx, sse, sse2, sse3, ssse3, sse4.1, sse4.2, popcnt, avx, avx2, aes, clmul, erms, lzcnt, ht, tsc, tscinvbit, bmi1, bmi2

Memory: 4k page, physical 8291520k(487160k free), swap 9315520k(7244k free)

vm_info: OpenJDK 64-Bit Server VM (25.242-b01) for windows-amd64 JRE (1.8.0_242-release-1644-b01), built by "builder" with MS VC++ 10.0 (VS2010)

time: Mon Mar 07 18:40:10 2022
timezone: Œrodkowoeuropejski czas stand.
elapsed time: 1134 seconds (0d 0h 18m 54s)

